<?xml version="1.0" encoding="UTF-8"?>
<!-- Generated by org.testng.reporters.JUnitXMLReporter -->
<testsuite ignored="0" hostname="LAPTOP-T2K7BMGL" failures="0" tests="6" name="Default test" time="9.51" errors="0" timestamp="2024-06-25T22:16:06 IST">
  <testcase classname="api.test.OrderTestDDT" name="testPostOrderDDT" time="2.744"/>
  <testcase classname="api.test.OrderTestDDT" name="testPostOrderDDT" time="1.178"/>
  <testcase classname="api.test.OrderTestDDT" name="testPostOrderDDT" time="1.164"/>
  <testcase classname="api.test.OrderTestDDT" name="testDeleteOrderDDT" time="1.195"/>
  <testcase classname="api.test.OrderTestDDT" name="testDeleteOrderDDT" time="1.173"/>
  <testcase classname="api.test.OrderTestDDT" name="testDeleteOrderDDT" time="1.182"/>
</testsuite> <!-- Default test -->
