<?xml version="1.0" encoding="UTF-8"?>
<testng-results ignored="0" total="6" passed="6" failed="0" skipped="0">
  <reporter-output>
  </reporter-output>
  <suite started-at="2024-06-25T22:15:56 IST" name="Default suite" finished-at="2024-06-25T22:16:06 IST" duration-ms="9510">
    <groups>
    </groups>
    <test started-at="2024-06-25T22:15:56 IST" name="Default test" finished-at="2024-06-25T22:16:06 IST" duration-ms="9510">
      <class name="api.test.OrderTestDDT">
        <test-method signature="testPostOrderDDT(java.lang.String,java.lang.String,java.lang.String)[pri:1, instance:api.test.OrderTestDDT@6b53bcc2]" started-at="2024-06-25T22:15:57 IST" name="testPostOrderDDT" data-provider="Orders" finished-at="2024-06-25T22:16:00 IST" duration-ms="2744" status="PASS">
          <params>
            <param index="0">
              <value>
                <![CDATA[2]]>
              </value>
            </param>
            <param index="1">
              <value>
                <![CDATA[3]]>
              </value>
            </param>
            <param index="2">
              <value>
                <![CDATA[2]]>
              </value>
            </param>
          </params>
          <reporter-output>
          </reporter-output>
        </test-method> <!-- testPostOrderDDT -->
        <test-method signature="testPostOrderDDT(java.lang.String,java.lang.String,java.lang.String)[pri:1, instance:api.test.OrderTestDDT@6b53bcc2]" started-at="2024-06-25T22:16:00 IST" name="testPostOrderDDT" data-provider="Orders" finished-at="2024-06-25T22:16:01 IST" duration-ms="1178" status="PASS">
          <params>
            <param index="0">
              <value>
                <![CDATA[5]]>
              </value>
            </param>
            <param index="1">
              <value>
                <![CDATA[5]]>
              </value>
            </param>
            <param index="2">
              <value>
                <![CDATA[1]]>
              </value>
            </param>
          </params>
          <reporter-output>
          </reporter-output>
        </test-method> <!-- testPostOrderDDT -->
        <test-method signature="testPostOrderDDT(java.lang.String,java.lang.String,java.lang.String)[pri:1, instance:api.test.OrderTestDDT@6b53bcc2]" started-at="2024-06-25T22:16:01 IST" name="testPostOrderDDT" data-provider="Orders" finished-at="2024-06-25T22:16:02 IST" duration-ms="1164" status="PASS">
          <params>
            <param index="0">
              <value>
                <![CDATA[7]]>
              </value>
            </param>
            <param index="1">
              <value>
                <![CDATA[2]]>
              </value>
            </param>
            <param index="2">
              <value>
                <![CDATA[3]]>
              </value>
            </param>
          </params>
          <reporter-output>
          </reporter-output>
        </test-method> <!-- testPostOrderDDT -->
        <test-method signature="testDeleteOrderDDT(java.lang.String)[pri:2, instance:api.test.OrderTestDDT@6b53bcc2]" started-at="2024-06-25T22:16:02 IST" name="testDeleteOrderDDT" data-provider="OrderID" finished-at="2024-06-25T22:16:03 IST" depends-on-methods="api.test.OrderTestDDT.testPostOrderDDT" duration-ms="1195" status="PASS">
          <params>
            <param index="0">
              <value>
                <![CDATA[2]]>
              </value>
            </param>
          </params>
          <reporter-output>
          </reporter-output>
        </test-method> <!-- testDeleteOrderDDT -->
        <test-method signature="testDeleteOrderDDT(java.lang.String)[pri:2, instance:api.test.OrderTestDDT@6b53bcc2]" started-at="2024-06-25T22:16:03 IST" name="testDeleteOrderDDT" data-provider="OrderID" finished-at="2024-06-25T22:16:04 IST" depends-on-methods="api.test.OrderTestDDT.testPostOrderDDT" duration-ms="1173" status="PASS">
          <params>
            <param index="0">
              <value>
                <![CDATA[5]]>
              </value>
            </param>
          </params>
          <reporter-output>
          </reporter-output>
        </test-method> <!-- testDeleteOrderDDT -->
        <test-method signature="testDeleteOrderDDT(java.lang.String)[pri:2, instance:api.test.OrderTestDDT@6b53bcc2]" started-at="2024-06-25T22:16:04 IST" name="testDeleteOrderDDT" data-provider="OrderID" finished-at="2024-06-25T22:16:06 IST" depends-on-methods="api.test.OrderTestDDT.testPostOrderDDT" duration-ms="1182" status="PASS">
          <params>
            <param index="0">
              <value>
                <![CDATA[7]]>
              </value>
            </param>
          </params>
          <reporter-output>
          </reporter-output>
        </test-method> <!-- testDeleteOrderDDT -->
      </class> <!-- api.test.OrderTestDDT -->
    </test> <!-- Default test -->
  </suite> <!-- Default suite -->
</testng-results>
