<?xml version="1.0" encoding="UTF-8"?>
<!-- Generated by org.testng.reporters.JUnitXMLReporter -->
<testsuite ignored="0" hostname="LAPTOP-T2K7BMGL" failures="0" tests="10" name="PetTest" time="17.105" errors="0" timestamp="2024-06-25T19:02:25 IST">
  <testcase classname="api.test.UserTest" name="testPostUser" time="2.643"/>
  <testcase classname="api.test.UserTest" name="testGetUser" time="1.276"/>
  <testcase classname="api.test.UserTest" name="testUpdateUser" time="2.805"/>
  <testcase classname="api.test.UserTest" name="testDeleteUser" time="1.188"/>
  <testcase classname="api.test.UserTestDDT" name="testPostUserDDT" time="1.209"/>
  <testcase classname="api.test.UserTestDDT" name="testPostUserDDT" time="1.167"/>
  <testcase classname="api.test.UserTestDDT" name="testPostUserDDT" time="1.179"/>
  <testcase classname="api.test.UserTestDDT" name="testDeleteUserDDT" time="1.157"/>
  <testcase classname="api.test.UserTestDDT" name="testDeleteUserDDT" time="1.159"/>
  <testcase classname="api.test.UserTestDDT" name="testDeleteUserDDT" time="1.19"/>
</testsuite> <!-- PetTest -->
