<?xml version="1.0" encoding="UTF-8"?>
<testng-results ignored="0" total="19" passed="19" failed="0" skipped="0">
  <reporter-output>
  </reporter-output>
  <suite started-at="2024-06-25T22:16:52 IST" name="PetSuite" finished-at="2024-06-25T22:17:19 IST" duration-ms="27529">
    <groups>
    </groups>
    <test started-at="2024-06-25T22:16:52 IST" name="PetTest" finished-at="2024-06-25T22:17:19 IST" duration-ms="27529">
      <class name="api.test.OrderTestDDT">
        <test-method signature="testPostOrderDDT(java.lang.String,java.lang.String,java.lang.String)[pri:1, instance:api.test.OrderTestDDT@3a3e78f]" started-at="2024-06-25T22:17:12 IST" name="testPostOrderDDT" data-provider="Orders" finished-at="2024-06-25T22:17:13 IST" duration-ms="1212" status="PASS">
          <params>
            <param index="0">
              <value>
                <![CDATA[2]]>
              </value>
            </param>
            <param index="1">
              <value>
                <![CDATA[3]]>
              </value>
            </param>
            <param index="2">
              <value>
                <![CDATA[2]]>
              </value>
            </param>
          </params>
          <reporter-output>
          </reporter-output>
        </test-method> <!-- testPostOrderDDT -->
        <test-method signature="testPostOrderDDT(java.lang.String,java.lang.String,java.lang.String)[pri:1, instance:api.test.OrderTestDDT@3a3e78f]" started-at="2024-06-25T22:17:13 IST" name="testPostOrderDDT" data-provider="Orders" finished-at="2024-06-25T22:17:14 IST" duration-ms="1182" status="PASS">
          <params>
            <param index="0">
              <value>
                <![CDATA[5]]>
              </value>
            </param>
            <param index="1">
              <value>
                <![CDATA[5]]>
              </value>
            </param>
            <param index="2">
              <value>
                <![CDATA[1]]>
              </value>
            </param>
          </params>
          <reporter-output>
          </reporter-output>
        </test-method> <!-- testPostOrderDDT -->
        <test-method signature="testPostOrderDDT(java.lang.String,java.lang.String,java.lang.String)[pri:1, instance:api.test.OrderTestDDT@3a3e78f]" started-at="2024-06-25T22:17:14 IST" name="testPostOrderDDT" data-provider="Orders" finished-at="2024-06-25T22:17:16 IST" duration-ms="1188" status="PASS">
          <params>
            <param index="0">
              <value>
                <![CDATA[7]]>
              </value>
            </param>
            <param index="1">
              <value>
                <![CDATA[2]]>
              </value>
            </param>
            <param index="2">
              <value>
                <![CDATA[3]]>
              </value>
            </param>
          </params>
          <reporter-output>
          </reporter-output>
        </test-method> <!-- testPostOrderDDT -->
        <test-method signature="testDeleteOrderDDT(java.lang.String)[pri:2, instance:api.test.OrderTestDDT@3a3e78f]" started-at="2024-06-25T22:17:16 IST" name="testDeleteOrderDDT" data-provider="OrderID" finished-at="2024-06-25T22:17:17 IST" depends-on-methods="api.test.OrderTestDDT.testPostOrderDDT" duration-ms="1187" status="PASS">
          <params>
            <param index="0">
              <value>
                <![CDATA[2]]>
              </value>
            </param>
          </params>
          <reporter-output>
          </reporter-output>
        </test-method> <!-- testDeleteOrderDDT -->
        <test-method signature="testDeleteOrderDDT(java.lang.String)[pri:2, instance:api.test.OrderTestDDT@3a3e78f]" started-at="2024-06-25T22:17:17 IST" name="testDeleteOrderDDT" data-provider="OrderID" finished-at="2024-06-25T22:17:18 IST" depends-on-methods="api.test.OrderTestDDT.testPostOrderDDT" duration-ms="1137" status="PASS">
          <params>
            <param index="0">
              <value>
                <![CDATA[5]]>
              </value>
            </param>
          </params>
          <reporter-output>
          </reporter-output>
        </test-method> <!-- testDeleteOrderDDT -->
        <test-method signature="testDeleteOrderDDT(java.lang.String)[pri:2, instance:api.test.OrderTestDDT@3a3e78f]" started-at="2024-06-25T22:17:18 IST" name="testDeleteOrderDDT" data-provider="OrderID" finished-at="2024-06-25T22:17:19 IST" depends-on-methods="api.test.OrderTestDDT.testPostOrderDDT" duration-ms="1207" status="PASS">
          <params>
            <param index="0">
              <value>
                <![CDATA[7]]>
              </value>
            </param>
          </params>
          <reporter-output>
          </reporter-output>
        </test-method> <!-- testDeleteOrderDDT -->
      </class> <!-- api.test.OrderTestDDT -->
      <class name="api.test.UserTest">
        <test-method is-config="true" signature="setup()[pri:0, instance:api.test.UserTest@6d763516]" started-at="2024-06-25T22:16:52 IST" name="setup" finished-at="2024-06-25T22:16:52 IST" duration-ms="209" status="PASS">
          <reporter-output>
          </reporter-output>
        </test-method> <!-- setup -->
        <test-method signature="testPostUser()[pri:1, instance:api.test.UserTest@6d763516]" started-at="2024-06-25T22:16:52 IST" name="testPostUser" finished-at="2024-06-25T22:16:55 IST" duration-ms="2697" status="PASS">
          <reporter-output>
          </reporter-output>
        </test-method> <!-- testPostUser -->
        <test-method signature="testGetUser()[pri:2, instance:api.test.UserTest@6d763516]" started-at="2024-06-25T22:16:55 IST" name="testGetUser" finished-at="2024-06-25T22:16:56 IST" depends-on-methods="api.test.UserTest.testPostUser" duration-ms="1255" status="PASS">
          <reporter-output>
          </reporter-output>
        </test-method> <!-- testGetUser -->
        <test-method signature="testUpdateUser()[pri:3, instance:api.test.UserTest@6d763516]" started-at="2024-06-25T22:16:56 IST" name="testUpdateUser" finished-at="2024-06-25T22:16:59 IST" depends-on-methods="api.test.UserTest.testPostUser" duration-ms="2867" status="PASS">
          <reporter-output>
          </reporter-output>
        </test-method> <!-- testUpdateUser -->
        <test-method signature="testDeleteUser()[pri:4, instance:api.test.UserTest@6d763516]" started-at="2024-06-25T22:16:59 IST" name="testDeleteUser" finished-at="2024-06-25T22:17:00 IST" depends-on-methods="api.test.UserTest.testPostUser" duration-ms="1148" status="PASS">
          <reporter-output>
          </reporter-output>
        </test-method> <!-- testDeleteUser -->
      </class> <!-- api.test.UserTest -->
      <class name="api.test.OrderTest">
        <test-method is-config="true" signature="setup()[pri:0, instance:api.test.OrderTest@767e20cf]" started-at="2024-06-25T22:17:08 IST" name="setup" finished-at="2024-06-25T22:17:08 IST" duration-ms="1" status="PASS">
          <reporter-output>
          </reporter-output>
        </test-method> <!-- setup -->
        <test-method signature="testPostOrder()[pri:1, instance:api.test.OrderTest@767e20cf]" started-at="2024-06-25T22:17:08 IST" name="testPostOrder" finished-at="2024-06-25T22:17:09 IST" duration-ms="1175" status="PASS">
          <reporter-output>
          </reporter-output>
        </test-method> <!-- testPostOrder -->
        <test-method signature="testGetOrder()[pri:2, instance:api.test.OrderTest@767e20cf]" started-at="2024-06-25T22:17:09 IST" name="testGetOrder" finished-at="2024-06-25T22:17:11 IST" depends-on-methods="api.test.OrderTest.testPostOrder" duration-ms="1160" status="PASS">
          <reporter-output>
          </reporter-output>
        </test-method> <!-- testGetOrder -->
        <test-method signature="testDeleteUser()[pri:3, instance:api.test.OrderTest@767e20cf]" started-at="2024-06-25T22:17:11 IST" name="testDeleteUser" finished-at="2024-06-25T22:17:12 IST" depends-on-methods="api.test.OrderTest.testPostOrder" duration-ms="1218" status="PASS">
          <reporter-output>
          </reporter-output>
        </test-method> <!-- testDeleteUser -->
      </class> <!-- api.test.OrderTest -->
      <class name="api.test.UserTestDDT">
        <test-method signature="testPostUserDDT(java.lang.String,java.lang.String,java.lang.String,java.lang.String,java.lang.String,java.lang.String,java.lang.String)[pri:1, instance:api.test.UserTestDDT@1817f1eb]" started-at="2024-06-25T22:17:01 IST" name="testPostUserDDT" data-provider="Data" finished-at="2024-06-25T22:17:02 IST" duration-ms="1181" status="PASS">
          <params>
            <param index="0">
              <value>
                <![CDATA[5433]]>
              </value>
            </param>
            <param index="1">
              <value>
                <![CDATA[JohnMaves]]>
              </value>
            </param>
            <param index="2">
              <value>
                <![CDATA[John]]>
              </value>
            </param>
            <param index="3">
              <value>
                <![CDATA[Maves]]>
              </value>
            </param>
            <param index="4">
              <value>
                <![CDATA[johnm@gmail.com]]>
              </value>
            </param>
            <param index="5">
              <value>
                <![CDATA[testPass]]>
              </value>
            </param>
            <param index="6">
              <value>
                <![CDATA[837583844]]>
              </value>
            </param>
          </params>
          <reporter-output>
          </reporter-output>
        </test-method> <!-- testPostUserDDT -->
        <test-method signature="testPostUserDDT(java.lang.String,java.lang.String,java.lang.String,java.lang.String,java.lang.String,java.lang.String,java.lang.String)[pri:1, instance:api.test.UserTestDDT@1817f1eb]" started-at="2024-06-25T22:17:02 IST" name="testPostUserDDT" data-provider="Data" finished-at="2024-06-25T22:17:04 IST" duration-ms="1144" status="PASS">
          <params>
            <param index="0">
              <value>
                <![CDATA[4532]]>
              </value>
            </param>
            <param index="1">
              <value>
                <![CDATA[JavaMiles]]>
              </value>
            </param>
            <param index="2">
              <value>
                <![CDATA[Java]]>
              </value>
            </param>
            <param index="3">
              <value>
                <![CDATA[Miles]]>
              </value>
            </param>
            <param index="4">
              <value>
                <![CDATA[javam@gmail.com]]>
              </value>
            </param>
            <param index="5">
              <value>
                <![CDATA[testPass]]>
              </value>
            </param>
            <param index="6">
              <value>
                <![CDATA[736475858]]>
              </value>
            </param>
          </params>
          <reporter-output>
          </reporter-output>
        </test-method> <!-- testPostUserDDT -->
        <test-method signature="testPostUserDDT(java.lang.String,java.lang.String,java.lang.String,java.lang.String,java.lang.String,java.lang.String,java.lang.String)[pri:1, instance:api.test.UserTestDDT@1817f1eb]" started-at="2024-06-25T22:17:04 IST" name="testPostUserDDT" data-provider="Data" finished-at="2024-06-25T22:17:05 IST" duration-ms="1175" status="PASS">
          <params>
            <param index="0">
              <value>
                <![CDATA[3563]]>
              </value>
            </param>
            <param index="1">
              <value>
                <![CDATA[RestPutin]]>
              </value>
            </param>
            <param index="2">
              <value>
                <![CDATA[Rest]]>
              </value>
            </param>
            <param index="3">
              <value>
                <![CDATA[Putin]]>
              </value>
            </param>
            <param index="4">
              <value>
                <![CDATA[restp@gmail.com]]>
              </value>
            </param>
            <param index="5">
              <value>
                <![CDATA[testPass]]>
              </value>
            </param>
            <param index="6">
              <value>
                <![CDATA[274658393]]>
              </value>
            </param>
          </params>
          <reporter-output>
          </reporter-output>
        </test-method> <!-- testPostUserDDT -->
        <test-method signature="testDeleteUserDDT(java.lang.String)[pri:2, instance:api.test.UserTestDDT@1817f1eb]" started-at="2024-06-25T22:17:05 IST" name="testDeleteUserDDT" data-provider="Username" finished-at="2024-06-25T22:17:06 IST" depends-on-methods="api.test.UserTestDDT.testPostUserDDT" duration-ms="1144" status="PASS">
          <params>
            <param index="0">
              <value>
                <![CDATA[JohnMaves]]>
              </value>
            </param>
          </params>
          <reporter-output>
          </reporter-output>
        </test-method> <!-- testDeleteUserDDT -->
        <test-method signature="testDeleteUserDDT(java.lang.String)[pri:2, instance:api.test.UserTestDDT@1817f1eb]" started-at="2024-06-25T22:17:06 IST" name="testDeleteUserDDT" data-provider="Username" finished-at="2024-06-25T22:17:07 IST" depends-on-methods="api.test.UserTestDDT.testPostUserDDT" duration-ms="1134" status="PASS">
          <params>
            <param index="0">
              <value>
                <![CDATA[JavaMiles]]>
              </value>
            </param>
          </params>
          <reporter-output>
          </reporter-output>
        </test-method> <!-- testDeleteUserDDT -->
        <test-method signature="testDeleteUserDDT(java.lang.String)[pri:2, instance:api.test.UserTestDDT@1817f1eb]" started-at="2024-06-25T22:17:07 IST" name="testDeleteUserDDT" data-provider="Username" finished-at="2024-06-25T22:17:08 IST" depends-on-methods="api.test.UserTestDDT.testPostUserDDT" duration-ms="1160" status="PASS">
          <params>
            <param index="0">
              <value>
                <![CDATA[RestPutin]]>
              </value>
            </param>
          </params>
          <reporter-output>
          </reporter-output>
        </test-method> <!-- testDeleteUserDDT -->
      </class> <!-- api.test.UserTestDDT -->
    </test> <!-- PetTest -->
  </suite> <!-- PetSuite -->
</testng-results>
