<?xml version="1.0" encoding="UTF-8"?>
<testsuite xmlns:xsi="http://www.w3.org/2001/XMLSchema-instance" xsi:noNamespaceSchemaLocation="https://maven.apache.org/surefire/maven-surefire-plugin/xsd/surefire-test-report.xsd" version="3.0.1" name="TestSuite" time="29.011" tests="19" errors="0" skipped="0" failures="0">
  <properties>
[...]
</properties>
  <testcase name="testPostUser" classname="api.test.UserTest" time="2.707">
    <system-err><![CDATA[SLF4J(W): No SLF4J providers were found.
SLF4J(W): Defaulting to no-operation (NOP) logger implementation
SLF4J(W): See https://www.slf4j.org/codes.html#noProviders for further details.
]]></system-err>
  </testcase>
  <testcase name="testGetUser" classname="api.test.UserTest" time="1.255">
    <system-out><![CDATA[{
    "id": 7114,
    "username": "drema.klocko",
    "firstName": "Renetta",
    "lastName": "Greenholt",
    "email": "abdul.collins@hotmail.com",
    "password": "2lsopmfryd078o",
    "phone": "(869) 429-8367",
    "userStatus": 0
}
]]></system-out>
  </testcase>
  <testcase name="testUpdateUser" classname="api.test.UserTest" time="2.864">
    <system-out><![CDATA[{
    "code": 200,
    "type": "unknown",
    "message": "7114"
}
{
    "id": 7114,
    "username": "drema.klocko",
    "firstName": "Susanna",
    "lastName": "Vandervort",
    "email": "earlean.bradtke@hotmail.com",
    "password": "2lsopmfryd078o",
    "phone": "(869) 429-8367",
    "userStatus": 0
}
]]></system-out>
  </testcase>
  <testcase name="testDeleteUser" classname="api.test.UserTest" time="1.148">
    <system-out><![CDATA[{
    "code": 200,
    "type": "unknown",
    "message": "drema.klocko"
}
]]></system-out>
  </testcase>
  <testcase name="testPostUserDDT[5433, JohnMaves, John, Maves, johnm@gmail.com, testPass, 837583844](1)" classname="api.test.UserTestDDT" time="1.181"/>
  <testcase name="testPostUserDDT[4532, JavaMiles, Java, Miles, javam@gmail.com, testPass, 736475858](2)" classname="api.test.UserTestDDT" time="1.144"/>
  <testcase name="testPostUserDDT[3563, RestPutin, Rest, Putin, restp@gmail.com, testPass, 274658393](3)" classname="api.test.UserTestDDT" time="1.176"/>
  <testcase name="testDeleteUserDDT[JohnMaves](1)" classname="api.test.UserTestDDT" time="1.146">
    <system-out><![CDATA[{
    "code": 200,
    "type": "unknown",
    "message": "JohnMaves"
}
]]></system-out>
  </testcase>
  <testcase name="testDeleteUserDDT[JavaMiles](2)" classname="api.test.UserTestDDT" time="1.133">
    <system-out><![CDATA[{
    "code": 200,
    "type": "unknown",
    "message": "JavaMiles"
}
]]></system-out>
  </testcase>
  <testcase name="testDeleteUserDDT[RestPutin](3)" classname="api.test.UserTestDDT" time="1.158">
    <system-out><![CDATA[{
    "code": 200,
    "type": "unknown",
    "message": "RestPutin"
}
]]></system-out>
  </testcase>
  <testcase name="testPostOrder" classname="api.test.OrderTest" time="1.175">
    <system-out><![CDATA[{
    "id": 1,
    "petId": 8,
    "quantity": 1,
    "shipDate": "2024-06-25T22:17:08.752+0000",
    "status": "placed",
    "complete": true
}
]]></system-out>
  </testcase>
  <testcase name="testGetOrder" classname="api.test.OrderTest" time="1.16">
    <system-out><![CDATA[{
    "id": 1,
    "petId": 8,
    "quantity": 1,
    "shipDate": "2024-06-25T22:17:08.752+0000",
    "status": "placed",
    "complete": true
}
]]></system-out>
  </testcase>
  <testcase name="testDeleteUser" classname="api.test.OrderTest" time="1.217">
    <system-out><![CDATA[{
    "code": 200,
    "type": "unknown",
    "message": "1"
}
]]></system-out>
  </testcase>
  <testcase name="testPostOrderDDT[2, 3, 2](1)" classname="api.test.OrderTestDDT" time="1.214">
    <system-out><![CDATA[{
    "id": 2,
    "petId": 3,
    "quantity": 2,
    "shipDate": "2024-06-25T22:17:12.451+0000",
    "status": "placed",
    "complete": true
}
]]></system-out>
  </testcase>
  <testcase name="testPostOrderDDT[5, 5, 1](2)" classname="api.test.OrderTestDDT" time="1.18">
    <system-out><![CDATA[{
    "id": 5,
    "petId": 5,
    "quantity": 1,
    "shipDate": "2024-06-25T22:17:13.663+0000",
    "status": "placed",
    "complete": true
}
]]></system-out>
  </testcase>
  <testcase name="testPostOrderDDT[7, 2, 3](3)" classname="api.test.OrderTestDDT" time="1.187">
    <system-out><![CDATA[{
    "id": 7,
    "petId": 2,
    "quantity": 3,
    "shipDate": "2024-06-25T22:17:14.847+0000",
    "status": "placed",
    "complete": true
}
]]></system-out>
  </testcase>
  <testcase name="testDeleteOrderDDT[2](1)" classname="api.test.OrderTestDDT" time="1.19">
    <system-out><![CDATA[{
    "code": 200,
    "type": "unknown",
    "message": "2"
}
]]></system-out>
  </testcase>
  <testcase name="testDeleteOrderDDT[5](2)" classname="api.test.OrderTestDDT" time="1.135">
    <system-out><![CDATA[{
    "code": 200,
    "type": "unknown",
    "message": "5"
}
]]></system-out>
  </testcase>
  <testcase name="testDeleteOrderDDT[7](3)" classname="api.test.OrderTestDDT" time="1.204">
    <system-out><![CDATA[{
    "code": 200,
    "type": "unknown",
    "message": "7"
}
]]></system-out>
  </testcase>
</testsuite>