<?xml version="1.0" encoding="UTF-8"?>
<!-- Generated by org.testng.reporters.JUnitXMLReporter -->
<testsuite ignored="0" hostname="LAPTOP-T2K7BMGL" failures="0" tests="19" name="PetTest" time="27.529" errors="0" timestamp="2024-06-25T22:17:19 IST">
  <testcase classname="api.test.UserTest" name="testPostUser" time="2.697"/>
  <testcase classname="api.test.UserTest" name="testGetUser" time="1.255"/>
  <testcase classname="api.test.UserTest" name="testUpdateUser" time="2.867"/>
  <testcase classname="api.test.UserTest" name="testDeleteUser" time="1.148"/>
  <testcase classname="api.test.UserTestDDT" name="testPostUserDDT" time="1.181"/>
  <testcase classname="api.test.UserTestDDT" name="testPostUserDDT" time="1.144"/>
  <testcase classname="api.test.UserTestDDT" name="testPostUserDDT" time="1.175"/>
  <testcase classname="api.test.UserTestDDT" name="testDeleteUserDDT" time="1.144"/>
  <testcase classname="api.test.UserTestDDT" name="testDeleteUserDDT" time="1.134"/>
  <testcase classname="api.test.UserTestDDT" name="testDeleteUserDDT" time="1.16"/>
  <testcase classname="api.test.OrderTest" name="testPostOrder" time="1.175"/>
  <testcase classname="api.test.OrderTest" name="testGetOrder" time="1.16"/>
  <testcase classname="api.test.OrderTest" name="testDeleteUser" time="1.218"/>
  <testcase classname="api.test.OrderTestDDT" name="testPostOrderDDT" time="1.212"/>
  <testcase classname="api.test.OrderTestDDT" name="testPostOrderDDT" time="1.182"/>
  <testcase classname="api.test.OrderTestDDT" name="testPostOrderDDT" time="1.188"/>
  <testcase classname="api.test.OrderTestDDT" name="testDeleteOrderDDT" time="1.187"/>
  <testcase classname="api.test.OrderTestDDT" name="testDeleteOrderDDT" time="1.137"/>
  <testcase classname="api.test.OrderTestDDT" name="testDeleteOrderDDT" time="1.207"/>
</testsuite> <!-- PetTest -->
